<?xml version="1.0" encoding="UTF-8"?>
<!-- Generated by org.testng.reporters.JUnitXMLReporter -->
<testsuite ignored="0" hostname="NASIB" failures="0" tests="40" name="WAIFURestAPIFramework" time="37.244" errors="0" timestamp="2023-02-01T12:16:09 EST">
  <testcase classname="com.qa.waifuAPI.testcases.GETExistUser" name="statusCode" time="0.01"/>
  <testcase classname="com.qa.waifuAPI.testcases.GETExistUser" name="checkResponseBody" time="0.002"/>
  <testcase classname="com.qa.waifuAPI.testcases.GETExistUser" name="checkResponseTime" time="0.007"/>
  <testcase classname="com.qa.waifuAPI.testcases.GETExistUser" name="statusLine" time="0.003"/>
  <testcase classname="com.qa.waifuAPI.testcases.GETExistUser" name="contentType" time="0.002"/>
  <testcase classname="com.qa.waifuAPI.testcases.GETExistUser" name="checkserverType" time="0.002"/>
  <testcase classname="com.qa.waifuAPI.testcases.GETuserMetaData" name="statusCode" time="0.004"/>
  <testcase classname="com.qa.waifuAPI.testcases.GETuserMetaData" name="checkResponseBody" time="0.002"/>
  <testcase classname="com.qa.waifuAPI.testcases.GETuserMetaData" name="checkResponseTime" time="0.001"/>
  <testcase classname="com.qa.waifuAPI.testcases.GETuserMetaData" name="statusLine" time="0.002"/>
  <testcase classname="com.qa.waifuAPI.testcases.GETuserMetaData" name="contentType" time="0.001"/>
  <testcase classname="com.qa.waifuAPI.testcases.GETuserMetaData" name="checkserverType" time="0.003"/>
  <testcase classname="com.qa.waifuAPI.testcases.GETUserCount" name="statusCode" time="0.001"/>
  <testcase classname="com.qa.waifuAPI.testcases.GETUserCount" name="checkResponseBody" time="0.003"/>
  <testcase classname="com.qa.waifuAPI.testcases.GETUserCount" name="checkResponseTime" time="0.002"/>
  <testcase classname="com.qa.waifuAPI.testcases.GETUserCount" name="statusLine" time="0.003"/>
  <testcase classname="com.qa.waifuAPI.testcases.GETUserCount" name="contentType" time="0.002"/>
  <testcase classname="com.qa.waifuAPI.testcases.GETUserCount" name="checkserverType" time="0.003"/>
  <testcase classname="com.qa.waifuAPI.testcases.GETUserDialog" name="statusCode" time="0.002"/>
  <testcase classname="com.qa.waifuAPI.testcases.GETUserDialog" name="checkResponseBody" time="0.002"/>
  <testcase classname="com.qa.waifuAPI.testcases.GETUserDialog" name="checkResponseTime" time="0.002"/>
  <testcase classname="com.qa.waifuAPI.testcases.GETUserDialog" name="statusLine" time="0.001"/>
  <testcase classname="com.qa.waifuAPI.testcases.GETUserDialog" name="contentType" time="0.002"/>
  <testcase classname="com.qa.waifuAPI.testcases.GETUserDialog" name="checkserverType" time="0.002"/>
  <testcase classname="com.qa.waifuAPI.testcases.POSTSendMessage" name="statusCode" time="0.005"/>
  <testcase classname="com.qa.waifuAPI.testcases.POSTSendMessage" name="checkResponseBody" time="0.003"/>
  <testcase classname="com.qa.waifuAPI.testcases.POSTSendMessage" name="checkResponseTime" time="0.002"/>
  <testcase classname="com.qa.waifuAPI.testcases.POSTSendMessage" name="statusLine" time="0.002"/>
  <testcase classname="com.qa.waifuAPI.testcases.POSTSendMessage" name="contentType" time="0.003"/>
  <testcase classname="com.qa.waifuAPI.testcases.POSTSendMessage" name="checkserverType" time="0.001"/>
  <testcase classname="com.qa.waifuAPI.testcases.PUTCreateUser" name="statusCode" time="0.002"/>
  <testcase classname="com.qa.waifuAPI.testcases.PUTCreateUser" name="checkResponseBody" time="0.001"/>
  <testcase classname="com.qa.waifuAPI.testcases.PUTCreateUser" name="checkResponseTime" time="0.002"/>
  <testcase classname="com.qa.waifuAPI.testcases.PUTCreateUser" name="statusLine" time="0.003"/>
  <testcase classname="com.qa.waifuAPI.testcases.PUTCreateUser" name="contentType" time="0.001"/>
  <testcase classname="com.qa.waifuAPI.testcases.PUTCreateUser" name="checkserverType" time="0.001"/>
  <testcase classname="com.qa.waifuAPI.testcases.DELETEUser" name="statusCode" time="0.005"/>
  <testcase classname="com.qa.waifuAPI.testcases.DELETEUser" name="checkResponseTime" time="0.0"/>
  <testcase classname="com.qa.waifuAPI.testcases.DELETEUser" name="statusLine" time="0.001"/>
  <testcase classname="com.qa.waifuAPI.testcases.DELETEUser" name="checkserverType" time="0.002"/>
</testsuite> <!-- WAIFURestAPIFramework -->
