<?xml version="1.0" encoding="UTF-8"?>
<!-- Generated by org.testng.reporters.JUnitXMLReporter -->
<testsuite ignored="0" hostname="NASIB" failures="0" tests="4" name="Default test" time="10.954" errors="0" timestamp="2023-02-01T11:44:58 EST">
  <testcase classname="com.qa.waifuAPI.testcases.DELETEUser" name="statusCode" time="0.024"/>
  <testcase classname="com.qa.waifuAPI.testcases.DELETEUser" name="checkResponseTime" time="0.013"/>
  <testcase classname="com.qa.waifuAPI.testcases.DELETEUser" name="statusLine" time="0.021"/>
  <testcase classname="com.qa.waifuAPI.testcases.DELETEUser" name="checkserverType" time="0.007"/>
</testsuite> <!-- Default test -->
